<?xml version="1.0" encoding="UTF-8"?>
<!-- Generated by org.testng.reporters.JUnitXMLReporter -->
<testsuite hostname="Reddi-Kothapalli.local" name="ChromeTest" tests="2" failures="0" timestamp="14 May 2020 08:49:07 GMT" time="18.262" errors="0">
  <testcase name="addFeaturedCollectionProduct" time="4.856" classname="com.optimus.shopify.test.SearchAndAddProductTest"/>
  <testcase name="searchProduct" time="6.471" classname="com.optimus.shopify.test.SearchAndAddProductTest"/>
</testsuite> <!-- ChromeTest -->
