<?xml version="1.0" encoding="UTF-8"?>
<!-- Generated by org.testng.reporters.JUnitXMLReporter -->
<testsuite hostname="Reddi-Kothapalli.local" name="firefoxTest" tests="2" failures="0" timestamp="14 May 2020 08:49:06 GMT" time="16.223" errors="0">
  <testcase name="addFeaturedCollectionProduct" time="5.183" classname="com.optimus.shopify.test.SearchAndAddProductTest"/>
  <testcase name="searchProduct" time="1.463" classname="com.optimus.shopify.test.SearchAndAddProductTest"/>
</testsuite> <!-- firefoxTest -->
