<?xml version="1.0" encoding="UTF-8"?>
<testng-results skipped="0" failed="0" total="1" passed="1">
  <reporter-output>
  </reporter-output>
  <suite name="Default suite" duration-ms="13044" started-at="2020-05-13T13:49:34Z" finished-at="2020-05-13T13:49:47Z">
    <groups>
    </groups>
    <test name="Default test" duration-ms="13044" started-at="2020-05-13T13:49:34Z" finished-at="2020-05-13T13:49:47Z">
      <class name="com.optimus.shopify.test.SearchAndAddProductTest">
        <test-method status="PASS" signature="beforeTest()[pri:0, instance:com.optimus.shopify.test.SearchAndAddProductTest@42d80b78]" name="beforeTest" is-config="true" duration-ms="7" started-at="2020-05-13T21:49:34Z" finished-at="2020-05-13T21:49:34Z">
          <reporter-output>
          </reporter-output>
        </test-method> <!-- beforeTest -->
        <test-method status="PASS" signature="launchBrowser()[pri:0, instance:com.optimus.shopify.test.SearchAndAddProductTest@42d80b78]" name="launchBrowser" is-config="true" duration-ms="3943" started-at="2020-05-13T21:49:34Z" finished-at="2020-05-13T21:49:38Z">
          <reporter-output>
          </reporter-output>
        </test-method> <!-- launchBrowser -->
        <test-method status="PASS" signature="loginApplication()[pri:0, instance:com.optimus.shopify.test.SearchAndAddProductTest@42d80b78]" name="loginApplication" is-config="true" duration-ms="1464" started-at="2020-05-13T21:49:38Z" finished-at="2020-05-13T21:49:40Z">
          <reporter-output>
          </reporter-output>
        </test-method> <!-- loginApplication -->
        <test-method status="PASS" signature="searchProduct()[pri:0, instance:com.optimus.shopify.test.SearchAndAddProductTest@42d80b78]" name="searchProduct" duration-ms="7508" started-at="2020-05-13T21:49:40Z" finished-at="2020-05-13T21:49:47Z">
          <reporter-output>
          </reporter-output>
        </test-method> <!-- searchProduct -->
        <test-method status="PASS" signature="closeDriver()[pri:0, instance:com.optimus.shopify.test.SearchAndAddProductTest@42d80b78]" name="closeDriver" is-config="true" duration-ms="110" started-at="2020-05-13T21:49:47Z" finished-at="2020-05-13T21:49:47Z">
          <reporter-output>
          </reporter-output>
        </test-method> <!-- closeDriver -->
      </class> <!-- com.optimus.shopify.test.SearchAndAddProductTest -->
    </test> <!-- Default test -->
  </suite> <!-- Default suite -->
</testng-results>
